<?xml version="1.0" encoding="UTF-8"?>
<testsuite xmlns:xsi="http://www.w3.org/2001/XMLSchema-instance" xsi:noNamespaceSchemaLocation="https://maven.apache.org/surefire/maven-surefire-plugin/xsd/surefire-test-report-3.0.xsd" version="3.0" name="br.com.mota.GreetingResourceTest" time="5.348" tests="1" errors="0" skipped="0" failures="0">
  <properties>
[...]
</properties>
  <testcase name="testHelloEndpoint" classname="br.com.mota.GreetingResourceTest" time="0.792">
    <system-out><![CDATA[2021-08-25 10:13:45,220 INFO  [io.quarkus] (main) Quarkus 2.1.2.Final on JVM started in 2.258s. Listening on: http://localhost:8081
2021-08-25 10:13:45,221 INFO  [io.quarkus] (main) Profile test activated. 
2021-08-25 10:13:45,221 INFO  [io.quarkus] (main) Installed features: [agroal, cdi, hibernate-orm, hibernate-orm-panache, jdbc-mysql, narayana-jta, rest-client, resteasy, resteasy-jsonb, security, security-jpa, smallrye-context-propagation]
]]></system-out>
  </testcase>
</testsuite>